<?xml version="1.0" encoding="UTF-8"?>
<testng-results ignored="0" total="3" passed="3" failed="0" skipped="0">
  <reporter-output>
  </reporter-output>
  <suite started-at="2024-10-17T23:31:06Z" name="Suite" finished-at="2024-10-17T23:31:08Z" duration-ms="2625">
    <groups>
      <group name="cucumber">
        <method signature="AbstractTestNGCucumberTests.runScenario(io.cucumber.testng.PickleWrapper, io.cucumber.testng.FeatureWrapper)[pri:0, instance:com.runner.PBLoginRunner@3e821657]" name="runScenario" class="io.cucumber.testng.AbstractTestNGCucumberTests"/>
        <method signature="AbstractTestNGCucumberTests.runScenario(io.cucumber.testng.PickleWrapper, io.cucumber.testng.FeatureWrapper)[pri:0, instance:com.runner.PBLogoutRunner@1d131e1b]" name="runScenario" class="io.cucumber.testng.AbstractTestNGCucumberTests"/>
      </group> <!-- cucumber -->
    </groups>
    <test started-at="2024-10-17T23:31:06Z" name="Test" finished-at="2024-10-17T23:31:08Z" duration-ms="2625">
      <class name="com.runner.PBLoginRunner">
        <test-method is-config="true" signature="setup()[pri:0, instance:com.runner.PBLoginRunner@3e821657]" started-at="2024-10-17T23:31:06Z" name="setup" finished-at="2024-10-17T23:31:06Z" duration-ms="13" status="PASS">
          <reporter-output>
          </reporter-output>
        </test-method> <!-- setup -->
        <test-method is-config="true" signature="setup()[pri:0, instance:com.runner.PBLogoutRunner@1d131e1b]" started-at="2024-10-17T23:31:06Z" name="setup" finished-at="2024-10-17T23:31:06Z" duration-ms="0" status="PASS">
          <reporter-output>
          </reporter-output>
        </test-method> <!-- setup -->
        <test-method is-config="true" signature="setUpClass()[pri:0, instance:com.runner.PBLoginRunner@3e821657]" started-at="2024-10-17T23:31:06Z" name="setUpClass" finished-at="2024-10-17T23:31:06Z" duration-ms="662" status="PASS">
          <reporter-output>
          </reporter-output>
        </test-method> <!-- setUpClass -->
        <test-method signature="runScenario(io.cucumber.testng.PickleWrapper, io.cucumber.testng.FeatureWrapper)[pri:0, instance:com.runner.PBLoginRunner@3e821657]" started-at="2024-10-17T23:31:06Z" name="runScenario" description="Runs Cucumber Scenarios" data-provider="scenarios" finished-at="2024-10-17T23:31:07Z" duration-ms="241" status="PASS">
          <params>
            <param index="0">
              <value>
                <![CDATA["As a user, I want to login to the Parabank site with valid credentials"]]>
              </value>
            </param>
            <param index="1">
              <value>
                <![CDATA["Optional[Parabank login testing]"]]>
              </value>
            </param>
          </params>
          <reporter-output>
          </reporter-output>
        </test-method> <!-- runScenario -->
        <test-method signature="runScenario(io.cucumber.testng.PickleWrapper, io.cucumber.testng.FeatureWrapper)[pri:0, instance:com.runner.PBLoginRunner@3e821657]" started-at="2024-10-17T23:31:07Z" name="runScenario" description="Runs Cucumber Scenarios" data-provider="scenarios" finished-at="2024-10-17T23:31:07Z" duration-ms="18" status="PASS">
          <params>
            <param index="0">
              <value>
                <![CDATA["As a user, I will see error message while trying to login only with username and no password"]]>
              </value>
            </param>
            <param index="1">
              <value>
                <![CDATA["Optional[Parabank login testing]"]]>
              </value>
            </param>
          </params>
          <reporter-output>
          </reporter-output>
        </test-method> <!-- runScenario -->
        <test-method is-config="true" signature="tearDownClass()[pri:0, instance:com.runner.PBLoginRunner@3e821657]" started-at="2024-10-17T23:31:07Z" name="tearDownClass" finished-at="2024-10-17T23:31:08Z" duration-ms="1110" status="PASS">
          <reporter-output>
          </reporter-output>
        </test-method> <!-- tearDownClass -->
      </class> <!-- com.runner.PBLoginRunner -->
      <class name="com.runner.PBLogoutRunner">
        <test-method is-config="true" signature="setUpClass()[pri:0, instance:com.runner.PBLogoutRunner@1d131e1b]" started-at="2024-10-17T23:31:08Z" name="setUpClass" finished-at="2024-10-17T23:31:08Z" duration-ms="39" status="PASS">
          <reporter-output>
          </reporter-output>
        </test-method> <!-- setUpClass -->
        <test-method signature="runScenario(io.cucumber.testng.PickleWrapper, io.cucumber.testng.FeatureWrapper)[pri:0, instance:com.runner.PBLogoutRunner@1d131e1b]" started-at="2024-10-17T23:31:08Z" name="runScenario" description="Runs Cucumber Scenarios" data-provider="scenarios" finished-at="2024-10-17T23:31:08Z" duration-ms="20" status="PASS">
          <params>
            <param index="0">
              <value>
                <![CDATA["As a user, I want to logout from the Parabank site with valid credentials"]]>
              </value>
            </param>
            <param index="1">
              <value>
                <![CDATA["Optional[Logout Parabank test]"]]>
              </value>
            </param>
          </params>
          <reporter-output>
          </reporter-output>
        </test-method> <!-- runScenario -->
        <test-method is-config="true" signature="tearDownClass()[pri:0, instance:com.runner.PBLogoutRunner@1d131e1b]" started-at="2024-10-17T23:31:08Z" name="tearDownClass" finished-at="2024-10-17T23:31:08Z" duration-ms="490" status="PASS">
          <reporter-output>
          </reporter-output>
        </test-method> <!-- tearDownClass -->
      </class> <!-- com.runner.PBLogoutRunner -->
    </test> <!-- Test -->
  </suite> <!-- Suite -->
</testng-results>
